{"/Users/lucaseduardopereiraandrade/Documents/IGNITE/NODEJS/CHAPTER_II/rentax/src/errors/AppError.ts": {"path":"/Users/lucaseduardopereiraandrade/Documents/IGNITE/NODEJS/CHAPTER_II/rentax/src/errors/AppError.ts","all":false,"statementMap":{"0":{"start":{"line":1,"column":0},"end":{"line":1,"column":23}},"1":{"start":{"line":2,"column":0},"end":{"line":2,"column":34}},"2":{"start":{"line":3,"column":0},"end":{"line":3,"column":0}},"3":{"start":{"line":4,"column":0},"end":{"line":4,"column":37}},"4":{"start":{"line":5,"column":0},"end":{"line":5,"column":0}},"5":{"start":{"line":6,"column":0},"end":{"line":6,"column":50}},"6":{"start":{"line":7,"column":0},"end":{"line":7,"column":27}},"7":{"start":{"line":8,"column":0},"end":{"line":8,"column":33}},"8":{"start":{"line":9,"column":0},"end":{"line":9,"column":3}},"9":{"start":{"line":10,"column":0},"end":{"line":10,"column":1}}},"s":{"0":1,"1":1,"2":1,"3":1,"4":1,"5":1,"6":0,"7":0,"8":0,"9":1},"branchMap":{},"b":{},"fnMap":{"0":{"name":"AppError","decl":{"start":{"line":6,"column":2},"end":{"line":9,"column":3}},"loc":{"start":{"line":6,"column":2},"end":{"line":9,"column":3}},"line":6}},"f":{"0":0}}
,"/Users/lucaseduardopereiraandrade/Documents/IGNITE/NODEJS/CHAPTER_II/rentax/src/modules/cars/entities/Category.ts": {"path":"/Users/lucaseduardopereiraandrade/Documents/IGNITE/NODEJS/CHAPTER_II/rentax/src/modules/cars/entities/Category.ts","all":false,"statementMap":{"0":{"start":{"line":1,"column":0},"end":{"line":1,"column":36}},"1":{"start":{"line":2,"column":0},"end":{"line":2,"column":74}},"2":{"start":{"line":3,"column":0},"end":{"line":3,"column":0}},"3":{"start":{"line":4,"column":0},"end":{"line":4,"column":21}},"4":{"start":{"line":5,"column":0},"end":{"line":5,"column":16}},"5":{"start":{"line":6,"column":0},"end":{"line":6,"column":18}},"6":{"start":{"line":7,"column":0},"end":{"line":7,"column":14}},"7":{"start":{"line":8,"column":0},"end":{"line":8,"column":0}},"8":{"start":{"line":9,"column":0},"end":{"line":9,"column":11}},"9":{"start":{"line":10,"column":0},"end":{"line":10,"column":15}},"10":{"start":{"line":11,"column":0},"end":{"line":11,"column":0}},"11":{"start":{"line":12,"column":0},"end":{"line":12,"column":11}},"12":{"start":{"line":13,"column":0},"end":{"line":13,"column":22}},"13":{"start":{"line":14,"column":0},"end":{"line":14,"column":0}},"14":{"start":{"line":15,"column":0},"end":{"line":15,"column":21}},"15":{"start":{"line":16,"column":0},"end":{"line":16,"column":19}},"16":{"start":{"line":17,"column":0},"end":{"line":17,"column":0}},"17":{"start":{"line":18,"column":0},"end":{"line":18,"column":17}},"18":{"start":{"line":19,"column":0},"end":{"line":19,"column":19}},"19":{"start":{"line":20,"column":0},"end":{"line":20,"column":25}},"20":{"start":{"line":21,"column":0},"end":{"line":21,"column":5}},"21":{"start":{"line":22,"column":0},"end":{"line":22,"column":3}},"22":{"start":{"line":23,"column":0},"end":{"line":23,"column":1}},"23":{"start":{"line":24,"column":0},"end":{"line":24,"column":0}},"24":{"start":{"line":25,"column":0},"end":{"line":25,"column":20}}},"s":{"0":1,"1":1,"2":1,"3":1,"4":1,"5":1,"6":1,"7":1,"8":1,"9":1,"10":1,"11":1,"12":1,"13":1,"14":1,"15":1,"16":1,"17":1,"18":1,"19":1,"20":1,"21":1,"22":1,"23":1,"24":1},"branchMap":{"0":{"type":"branch","line":18,"loc":{"start":{"line":18,"column":2},"end":{"line":22,"column":3}},"locations":[{"start":{"line":18,"column":2},"end":{"line":22,"column":3}}]}},"b":{"0":[1]},"fnMap":{"0":{"name":"Category","decl":{"start":{"line":18,"column":2},"end":{"line":22,"column":3}},"loc":{"start":{"line":18,"column":2},"end":{"line":22,"column":3}},"line":18}},"f":{"0":1}}
,"/Users/lucaseduardopereiraandrade/Documents/IGNITE/NODEJS/CHAPTER_II/rentax/src/modules/cars/in-memory/CategoriesRepositoryInMemory.ts": {"path":"/Users/lucaseduardopereiraandrade/Documents/IGNITE/NODEJS/CHAPTER_II/rentax/src/modules/cars/in-memory/CategoriesRepositoryInMemory.ts","all":false,"statementMap":{"0":{"start":{"line":1,"column":0},"end":{"line":1,"column":48}},"1":{"start":{"line":2,"column":0},"end":{"line":2,"column":8}},"2":{"start":{"line":3,"column":0},"end":{"line":3,"column":24}},"3":{"start":{"line":4,"column":0},"end":{"line":4,"column":21}},"4":{"start":{"line":5,"column":0},"end":{"line":5,"column":47}},"5":{"start":{"line":6,"column":0},"end":{"line":6,"column":0}},"6":{"start":{"line":7,"column":0},"end":{"line":7,"column":69}},"7":{"start":{"line":8,"column":0},"end":{"line":8,"column":30}},"8":{"start":{"line":9,"column":0},"end":{"line":9,"column":0}},"9":{"start":{"line":10,"column":0},"end":{"line":10,"column":53}},"10":{"start":{"line":11,"column":0},"end":{"line":11,"column":48}},"11":{"start":{"line":12,"column":0},"end":{"line":12,"column":42}},"12":{"start":{"line":13,"column":0},"end":{"line":13,"column":6}},"13":{"start":{"line":14,"column":0},"end":{"line":14,"column":20}},"14":{"start":{"line":15,"column":0},"end":{"line":15,"column":3}},"15":{"start":{"line":16,"column":0},"end":{"line":16,"column":37}},"16":{"start":{"line":17,"column":0},"end":{"line":17,"column":38}},"17":{"start":{"line":18,"column":0},"end":{"line":18,"column":15}},"18":{"start":{"line":19,"column":0},"end":{"line":19,"column":3}},"19":{"start":{"line":20,"column":0},"end":{"line":20,"column":0}},"20":{"start":{"line":21,"column":0},"end":{"line":21,"column":74}},"21":{"start":{"line":22,"column":0},"end":{"line":22,"column":36}},"22":{"start":{"line":23,"column":0},"end":{"line":23,"column":0}},"23":{"start":{"line":24,"column":0},"end":{"line":24,"column":29}},"24":{"start":{"line":25,"column":0},"end":{"line":25,"column":11}},"25":{"start":{"line":26,"column":0},"end":{"line":26,"column":18}},"26":{"start":{"line":27,"column":0},"end":{"line":27,"column":7}},"27":{"start":{"line":28,"column":0},"end":{"line":28,"column":0}},"28":{"start":{"line":29,"column":0},"end":{"line":29,"column":35}},"29":{"start":{"line":30,"column":0},"end":{"line":30,"column":3}},"30":{"start":{"line":31,"column":0},"end":{"line":31,"column":1}},"31":{"start":{"line":32,"column":0},"end":{"line":32,"column":0}},"32":{"start":{"line":33,"column":0},"end":{"line":33,"column":40}}},"s":{"0":1,"1":1,"2":1,"3":1,"4":1,"5":1,"6":1,"7":1,"8":1,"9":1,"10":2,"11":2,"12":2,"13":2,"14":2,"15":1,"16":0,"17":0,"18":0,"19":1,"20":1,"21":1,"22":1,"23":1,"24":1,"25":1,"26":1,"27":1,"28":1,"29":1,"30":1,"31":1,"32":1},"branchMap":{"0":{"type":"branch","line":7,"loc":{"start":{"line":7,"column":0},"end":{"line":31,"column":1}},"locations":[{"start":{"line":7,"column":0},"end":{"line":31,"column":1}}]},"1":{"type":"branch","line":10,"loc":{"start":{"line":10,"column":8},"end":{"line":15,"column":3}},"locations":[{"start":{"line":10,"column":8},"end":{"line":15,"column":3}}]},"2":{"type":"branch","line":12,"loc":{"start":{"line":12,"column":6},"end":{"line":12,"column":42}},"locations":[{"start":{"line":12,"column":6},"end":{"line":12,"column":42}}]},"3":{"type":"branch","line":21,"loc":{"start":{"line":21,"column":8},"end":{"line":30,"column":3}},"locations":[{"start":{"line":21,"column":8},"end":{"line":30,"column":3}}]}},"b":{"0":[1],"1":[2],"2":[1],"3":[1]},"fnMap":{"0":{"name":"CategoriesRepositoryInMemory","decl":{"start":{"line":7,"column":0},"end":{"line":31,"column":1}},"loc":{"start":{"line":7,"column":0},"end":{"line":31,"column":1}},"line":7},"1":{"name":"findByName","decl":{"start":{"line":10,"column":8},"end":{"line":15,"column":3}},"loc":{"start":{"line":10,"column":8},"end":{"line":15,"column":3}},"line":10},"2":{"name":"list","decl":{"start":{"line":16,"column":8},"end":{"line":19,"column":3}},"loc":{"start":{"line":16,"column":8},"end":{"line":19,"column":3}},"line":16},"3":{"name":"create","decl":{"start":{"line":21,"column":8},"end":{"line":30,"column":3}},"loc":{"start":{"line":21,"column":8},"end":{"line":30,"column":3}},"line":21}},"f":{"0":1,"1":2,"2":0,"3":1}}
,"/Users/lucaseduardopereiraandrade/Documents/IGNITE/NODEJS/CHAPTER_II/rentax/src/modules/cars/useCases/createCategory/CreateCategoryUseCase.ts": {"path":"/Users/lucaseduardopereiraandrade/Documents/IGNITE/NODEJS/CHAPTER_II/rentax/src/modules/cars/useCases/createCategory/CreateCategoryUseCase.ts","all":false,"statementMap":{"0":{"start":{"line":1,"column":0},"end":{"line":1,"column":46}},"1":{"start":{"line":2,"column":0},"end":{"line":2,"column":55}},"2":{"start":{"line":3,"column":0},"end":{"line":3,"column":0}},"3":{"start":{"line":4,"column":0},"end":{"line":4,"column":81}},"4":{"start":{"line":5,"column":0},"end":{"line":5,"column":0}},"5":{"start":{"line":6,"column":0},"end":{"line":6,"column":20}},"6":{"start":{"line":7,"column":0},"end":{"line":7,"column":15}},"7":{"start":{"line":8,"column":0},"end":{"line":8,"column":22}},"8":{"start":{"line":9,"column":0},"end":{"line":9,"column":1}},"9":{"start":{"line":10,"column":0},"end":{"line":10,"column":0}},"10":{"start":{"line":11,"column":0},"end":{"line":11,"column":13}},"11":{"start":{"line":12,"column":0},"end":{"line":12,"column":29}},"12":{"start":{"line":13,"column":0},"end":{"line":13,"column":14}},"13":{"start":{"line":14,"column":0},"end":{"line":14,"column":35}},"14":{"start":{"line":15,"column":0},"end":{"line":15,"column":55}},"15":{"start":{"line":16,"column":0},"end":{"line":16,"column":6}},"16":{"start":{"line":17,"column":0},"end":{"line":17,"column":0}},"17":{"start":{"line":18,"column":0},"end":{"line":18,"column":65}},"18":{"start":{"line":19,"column":0},"end":{"line":19,"column":77}},"19":{"start":{"line":20,"column":0},"end":{"line":20,"column":10}},"20":{"start":{"line":21,"column":0},"end":{"line":21,"column":6}},"21":{"start":{"line":22,"column":0},"end":{"line":22,"column":0}},"22":{"start":{"line":23,"column":0},"end":{"line":23,"column":32}},"23":{"start":{"line":24,"column":0},"end":{"line":24,"column":53}},"24":{"start":{"line":25,"column":0},"end":{"line":25,"column":5}},"25":{"start":{"line":26,"column":0},"end":{"line":26,"column":0}},"26":{"start":{"line":27,"column":0},"end":{"line":27,"column":66}},"27":{"start":{"line":28,"column":0},"end":{"line":28,"column":3}},"28":{"start":{"line":29,"column":0},"end":{"line":29,"column":1}},"29":{"start":{"line":30,"column":0},"end":{"line":30,"column":0}},"30":{"start":{"line":31,"column":0},"end":{"line":31,"column":33}}},"s":{"0":1,"1":1,"2":1,"3":1,"4":1,"5":1,"6":1,"7":1,"8":1,"9":1,"10":1,"11":1,"12":1,"13":1,"14":1,"15":1,"16":1,"17":1,"18":1,"19":1,"20":1,"21":1,"22":1,"23":0,"24":0,"25":1,"26":1,"27":1,"28":1,"29":1,"30":1},"branchMap":{"0":{"type":"branch","line":13,"loc":{"start":{"line":13,"column":2},"end":{"line":16,"column":6}},"locations":[{"start":{"line":13,"column":2},"end":{"line":16,"column":6}}]},"1":{"type":"branch","line":18,"loc":{"start":{"line":18,"column":8},"end":{"line":28,"column":3}},"locations":[{"start":{"line":18,"column":8},"end":{"line":28,"column":3}}]},"2":{"type":"branch","line":23,"loc":{"start":{"line":23,"column":31},"end":{"line":25,"column":5}},"locations":[{"start":{"line":23,"column":31},"end":{"line":25,"column":5}}]}},"b":{"0":[1],"1":[1],"2":[0]},"fnMap":{"0":{"name":"CreateCategoryUseCase","decl":{"start":{"line":13,"column":2},"end":{"line":16,"column":6}},"loc":{"start":{"line":13,"column":2},"end":{"line":16,"column":6}},"line":13},"1":{"name":"execute","decl":{"start":{"line":18,"column":8},"end":{"line":28,"column":3}},"loc":{"start":{"line":18,"column":8},"end":{"line":28,"column":3}},"line":18}},"f":{"0":1,"1":1}}
}
